#! /usr/bin/vvp
:ivl_version "11.0 (stable)";
:ivl_delay_selection "TYPICAL";
:vpi_time_precision - 12;
:vpi_module "/usr/lib/x86_64-linux-gnu/ivl/system.vpi";
:vpi_module "/usr/lib/x86_64-linux-gnu/ivl/vhdl_sys.vpi";
:vpi_module "/usr/lib/x86_64-linux-gnu/ivl/vhdl_textio.vpi";
:vpi_module "/usr/lib/x86_64-linux-gnu/ivl/v2005_math.vpi";
:vpi_module "/usr/lib/x86_64-linux-gnu/ivl/va_math.vpi";
S_0x55d8934926c0 .scope module, "tb_PipelinedFAdd" "tb_PipelinedFAdd" 2 3;
 .timescale -9 -12;
v0x55d8934dd6d0_0 .var "A", 31 0;
v0x55d8934dd800_0 .var "B", 31 0;
v0x55d8934dd910_0 .var "clk", 0 0;
v0x55d8934dd9b0_0 .var "operation", 0 0;
v0x55d8934dda50_0 .var "reset", 0 0;
v0x55d8934ddb40_0 .net "result", 31 0, L_0x55d8934eff50;  1 drivers
o0x7f1942abf288 .functor BUFZ 1, C4<z>; HiZ drive
v0x55d8934ddc00_0 .net "rst", 0 0, o0x7f1942abf288;  0 drivers
S_0x55d893492850 .scope module, "dut" "PipelinedFAdd" 2 12, 3 1 0, S_0x55d8934926c0;
 .timescale -9 -12;
    .port_info 0 /INPUT 1 "clk";
    .port_info 1 /INPUT 1 "rst";
    .port_info 2 /INPUT 32 "A";
    .port_info 3 /INPUT 32 "B";
    .port_info 4 /INPUT 1 "operation";
    .port_info 5 /OUTPUT 32 "result";
v0x55d8934dba70_0 .net "A", 31 0, v0x55d8934dd6d0_0;  1 drivers
v0x55d8934dbb80_0 .net "A_big2", 0 0, v0x55d8934d5280_0;  1 drivers
v0x55d8934dbc20_0 .net "A_bigger1", 0 0, v0x55d8934b44c0_0;  1 drivers
v0x55d8934dbcc0_0 .net "A_exp1", 7 0, v0x55d8934b28d0_0;  1 drivers
v0x55d8934dbdb0_0 .net "A_man1", 23 0, v0x55d8934b29d0_0;  1 drivers
v0x55d8934dbef0_0 .net "A_man2", 23 0, v0x55d8934d9590_0;  1 drivers
v0x55d8934dc000_0 .net "A_sign1", 0 0, v0x55d8934b12a0_0;  1 drivers
v0x55d8934dc0f0_0 .net "B", 31 0, v0x55d8934dd800_0;  1 drivers
v0x55d8934dc1b0_0 .net "B_exp1", 7 0, v0x55d8934d4530_0;  1 drivers
v0x55d8934dc2e0_0 .net "B_man1", 23 0, v0x55d8934d4610_0;  1 drivers
v0x55d8934dc3f0_0 .net "B_man2", 23 0, v0x55d8934d9810_0;  1 drivers
v0x55d8934dc500_0 .net "B_sign1_eff", 0 0, v0x55d8934d47b0_0;  1 drivers
v0x55d8934dc5f0_0 .net "bypass_1_5", 0 0, v0x55d8934d7c40_0;  1 drivers
v0x55d8934dc690_0 .net "bypass_res", 31 0, v0x55d8934d7d00_0;  1 drivers
v0x55d8934dc730_0 .net "clk", 0 0, v0x55d8934dd910_0;  1 drivers
v0x55d8934dc7d0_0 .net "diff1", 7 0, v0x55d8934d4930_0;  1 drivers
v0x55d8934dc8c0_0 .net "diff2", 7 0, v0x55d8934d8220_0;  1 drivers
v0x55d8934dc9d0_0 .net "eA2", 7 0, v0x55d8934d7f20_0;  1 drivers
v0x55d8934dcae0_0 .net "eB2", 7 0, v0x55d8934d80a0_0;  1 drivers
v0x55d8934dcbf0_0 .net "exp2", 7 0, v0x55d8934d9a80_0;  1 drivers
v0x55d8934dcd00_0 .net "mA2", 23 0, v0x55d8934d83d0_0;  1 drivers
v0x55d8934dce10_0 .net "mB2", 23 0, v0x55d8934d8580_0;  1 drivers
v0x55d8934dcf20_0 .net "operation", 0 0, v0x55d8934dd9b0_0;  1 drivers
v0x55d8934dd010_0 .net "result", 31 0, L_0x55d8934eff50;  alias, 1 drivers
v0x55d8934dd0f0_0 .net "result_stage4", 31 0, v0x55d8934db4e0_0;  1 drivers
v0x55d8934dd1b0_0 .net "rst", 0 0, o0x7f1942abf288;  alias, 0 drivers
v0x55d8934dd250_0 .net "sA2", 0 0, v0x55d8934d8cc0_0;  1 drivers
v0x55d8934dd340_0 .net "sB2", 0 0, v0x55d8934d8e30_0;  1 drivers
v0x55d8934dd430_0 .net "sum3", 24 0, v0x55d8934da650_0;  1 drivers
v0x55d8934dd520_0 .net "sum_sign3", 0 0, v0x55d8934da6f0_0;  1 drivers
L_0x55d8934eff50 .functor MUXZ 32, v0x55d8934db4e0_0, v0x55d8934d7d00_0, v0x55d8934d7c40_0, C4<>;
S_0x55d8934929e0 .scope module, "U1" "Stage1_Compare" 3 16, 4 4 0, S_0x55d893492850;
 .timescale -9 -12;
    .port_info 0 /INPUT 1 "clk";
    .port_info 1 /INPUT 1 "rst";
    .port_info 2 /INPUT 32 "A";
    .port_info 3 /INPUT 32 "B";
    .port_info 4 /INPUT 1 "operation";
    .port_info 5 /OUTPUT 1 "A_sign";
    .port_info 6 /OUTPUT 1 "B_sign";
    .port_info 7 /OUTPUT 1 "B_sign_eff";
    .port_info 8 /OUTPUT 8 "A_exp";
    .port_info 9 /OUTPUT 8 "B_exp";
    .port_info 10 /OUTPUT 24 "A_man";
    .port_info 11 /OUTPUT 24 "B_man";
    .port_info 12 /OUTPUT 8 "exp_diff";
    .port_info 13 /OUTPUT 1 "A_bigger";
v0x55d8934b43c0_0 .net "A", 31 0, v0x55d8934dd6d0_0;  alias, 1 drivers
v0x55d8934b44c0_0 .var "A_bigger", 0 0;
v0x55d8934b28d0_0 .var "A_exp", 7 0;
v0x55d8934b29d0_0 .var "A_man", 23 0;
v0x55d8934b12a0_0 .var "A_sign", 0 0;
v0x55d8934b1340_0 .net "B", 31 0, v0x55d8934dd800_0;  alias, 1 drivers
v0x55d8934d4530_0 .var "B_exp", 7 0;
v0x55d8934d4610_0 .var "B_man", 23 0;
v0x55d8934d46f0_0 .var "B_sign", 0 0;
v0x55d8934d47b0_0 .var "B_sign_eff", 0 0;
v0x55d8934d4870_0 .net "clk", 0 0, v0x55d8934dd910_0;  alias, 1 drivers
v0x55d8934d4930_0 .var "exp_diff", 7 0;
v0x55d8934d4a10_0 .net "operation", 0 0, v0x55d8934dd9b0_0;  alias, 1 drivers
v0x55d8934d4ad0_0 .net "rst", 0 0, o0x7f1942abf288;  alias, 0 drivers
E_0x55d893476c10 .event posedge, v0x55d8934d4ad0_0, v0x55d8934d4870_0;
S_0x55d8934d4d50 .scope module, "U1_5" "Stage1_5_SpecialCase" 3 39, 5 1 0, S_0x55d893492850;
 .timescale -9 -12;
    .port_info 0 /INPUT 1 "clk";
    .port_info 1 /INPUT 1 "rst";
    .port_info 2 /INPUT 1 "sign_A";
    .port_info 3 /INPUT 1 "sign_B_eff";
    .port_info 4 /INPUT 8 "exp_A";
    .port_info 5 /INPUT 8 "exp_B";
    .port_info 6 /INPUT 24 "man_A";
    .port_info 7 /INPUT 24 "man_B";
    .port_info 8 /INPUT 8 "exp_diff";
    .port_info 9 /INPUT 1 "A_is_bigger";
    .port_info 10 /INPUT 1 "operation";
    .port_info 11 /OUTPUT 1 "bypass";
    .port_info 12 /OUTPUT 32 "bypass_result";
    .port_info 13 /OUTPUT 1 "sign_A_out";
    .port_info 14 /OUTPUT 1 "sign_B_out";
    .port_info 15 /OUTPUT 8 "exp_A_out";
    .port_info 16 /OUTPUT 8 "exp_B_out";
    .port_info 17 /OUTPUT 24 "man_A_out";
    .port_info 18 /OUTPUT 24 "man_B_out";
    .port_info 19 /OUTPUT 8 "exp_diff_out";
    .port_info 20 /OUTPUT 1 "A_is_bigger_out";
L_0x55d8934b6750 .functor AND 1, L_0x55d8934ddca0, L_0x55d8934edee0, C4<1>, C4<1>;
L_0x55d8934b32c0 .functor AND 1, L_0x55d8934ee0c0, L_0x55d8934ee420, C4<1>, C4<1>;
L_0x55d8934b27b0 .functor AND 1, L_0x55d8934ee650, L_0x55d8934ee9b0, C4<1>, C4<1>;
L_0x55d8934eeaa0 .functor AND 1, L_0x55d8934eebb0, L_0x55d8934eef80, C4<1>, C4<1>;
L_0x55d8934af740 .functor AND 1, L_0x55d8934ef1f0, L_0x55d8934ef560, C4<1>, C4<1>;
L_0x55d8934b79e0 .functor AND 1, L_0x55d8934ef380, L_0x55d8934efbf0, C4<1>, C4<1>;
v0x55d8934d5100_0 .net "A_inf", 0 0, L_0x55d8934b27b0;  1 drivers
v0x55d8934d51c0_0 .net "A_is_bigger", 0 0, v0x55d8934b44c0_0;  alias, 1 drivers
v0x55d8934d5280_0 .var "A_is_bigger_out", 0 0;
v0x55d8934d5320_0 .net "A_nan", 0 0, L_0x55d8934af740;  1 drivers
v0x55d8934d53c0_0 .net "A_zero", 0 0, L_0x55d8934b6750;  1 drivers
v0x55d8934d54b0_0 .net "B_inf", 0 0, L_0x55d8934eeaa0;  1 drivers
v0x55d8934d5570_0 .net "B_nan", 0 0, L_0x55d8934b79e0;  1 drivers
v0x55d8934d5630_0 .net "B_zero", 0 0, L_0x55d8934b32c0;  1 drivers
L_0x7f1942a76018 .functor BUFT 1, C4<00000000>, C4<0>, C4<0>, C4<0>;
v0x55d8934d56f0_0 .net/2u *"_ivl_0", 7 0, L_0x7f1942a76018;  1 drivers
L_0x7f1942a760a8 .functor BUFT 1, C4<00000000000000000000000000000000>, C4<0>, C4<0>, C4<0>;
v0x55d8934d57d0_0 .net/2u *"_ivl_10", 31 0, L_0x7f1942a760a8;  1 drivers
v0x55d8934d58b0_0 .net *"_ivl_12", 0 0, L_0x55d8934edee0;  1 drivers
L_0x7f1942a760f0 .functor BUFT 1, C4<00000000>, C4<0>, C4<0>, C4<0>;
v0x55d8934d5970_0 .net/2u *"_ivl_16", 7 0, L_0x7f1942a760f0;  1 drivers
v0x55d8934d5a50_0 .net *"_ivl_18", 0 0, L_0x55d8934ee0c0;  1 drivers
v0x55d8934d5b10_0 .net *"_ivl_2", 0 0, L_0x55d8934ddca0;  1 drivers
v0x55d8934d5bd0_0 .net *"_ivl_21", 22 0, L_0x55d8934ee1b0;  1 drivers
v0x55d8934d5cb0_0 .net *"_ivl_22", 31 0, L_0x55d8934ee290;  1 drivers
L_0x7f1942a76138 .functor BUFT 1, C4<000000000>, C4<0>, C4<0>, C4<0>;
v0x55d8934d5d90_0 .net *"_ivl_25", 8 0, L_0x7f1942a76138;  1 drivers
L_0x7f1942a76180 .functor BUFT 1, C4<00000000000000000000000000000000>, C4<0>, C4<0>, C4<0>;
v0x55d8934d5e70_0 .net/2u *"_ivl_26", 31 0, L_0x7f1942a76180;  1 drivers
v0x55d8934d5f50_0 .net *"_ivl_28", 0 0, L_0x55d8934ee420;  1 drivers
L_0x7f1942a761c8 .functor BUFT 1, C4<11111111>, C4<0>, C4<0>, C4<0>;
v0x55d8934d6010_0 .net/2u *"_ivl_32", 7 0, L_0x7f1942a761c8;  1 drivers
v0x55d8934d60f0_0 .net *"_ivl_34", 0 0, L_0x55d8934ee650;  1 drivers
v0x55d8934d61b0_0 .net *"_ivl_37", 22 0, L_0x55d8934ee6f0;  1 drivers
v0x55d8934d6290_0 .net *"_ivl_38", 31 0, L_0x55d8934ee880;  1 drivers
L_0x7f1942a76210 .functor BUFT 1, C4<000000000>, C4<0>, C4<0>, C4<0>;
v0x55d8934d6370_0 .net *"_ivl_41", 8 0, L_0x7f1942a76210;  1 drivers
L_0x7f1942a76258 .functor BUFT 1, C4<00000000000000000000000000000000>, C4<0>, C4<0>, C4<0>;
v0x55d8934d6450_0 .net/2u *"_ivl_42", 31 0, L_0x7f1942a76258;  1 drivers
v0x55d8934d6530_0 .net *"_ivl_44", 0 0, L_0x55d8934ee9b0;  1 drivers
L_0x7f1942a762a0 .functor BUFT 1, C4<11111111>, C4<0>, C4<0>, C4<0>;
v0x55d8934d65f0_0 .net/2u *"_ivl_48", 7 0, L_0x7f1942a762a0;  1 drivers
v0x55d8934d66d0_0 .net *"_ivl_5", 22 0, L_0x55d8934ddd40;  1 drivers
v0x55d8934d67b0_0 .net *"_ivl_50", 0 0, L_0x55d8934eebb0;  1 drivers
v0x55d8934d6870_0 .net *"_ivl_53", 22 0, L_0x55d8934eece0;  1 drivers
v0x55d8934d6950_0 .net *"_ivl_54", 31 0, L_0x55d8934eee90;  1 drivers
L_0x7f1942a762e8 .functor BUFT 1, C4<000000000>, C4<0>, C4<0>, C4<0>;
v0x55d8934d6a30_0 .net *"_ivl_57", 8 0, L_0x7f1942a762e8;  1 drivers
L_0x7f1942a76330 .functor BUFT 1, C4<00000000000000000000000000000000>, C4<0>, C4<0>, C4<0>;
v0x55d8934d6b10_0 .net/2u *"_ivl_58", 31 0, L_0x7f1942a76330;  1 drivers
v0x55d8934d6e00_0 .net *"_ivl_6", 31 0, L_0x55d8934ddde0;  1 drivers
v0x55d8934d6ee0_0 .net *"_ivl_60", 0 0, L_0x55d8934eef80;  1 drivers
L_0x7f1942a76378 .functor BUFT 1, C4<11111111>, C4<0>, C4<0>, C4<0>;
v0x55d8934d6fa0_0 .net/2u *"_ivl_64", 7 0, L_0x7f1942a76378;  1 drivers
v0x55d8934d7080_0 .net *"_ivl_66", 0 0, L_0x55d8934ef1f0;  1 drivers
v0x55d8934d7140_0 .net *"_ivl_69", 22 0, L_0x55d8934ef2e0;  1 drivers
v0x55d8934d7220_0 .net *"_ivl_70", 31 0, L_0x55d8934ef420;  1 drivers
L_0x7f1942a763c0 .functor BUFT 1, C4<000000000>, C4<0>, C4<0>, C4<0>;
v0x55d8934d7300_0 .net *"_ivl_73", 8 0, L_0x7f1942a763c0;  1 drivers
L_0x7f1942a76408 .functor BUFT 1, C4<00000000000000000000000000000000>, C4<0>, C4<0>, C4<0>;
v0x55d8934d73e0_0 .net/2u *"_ivl_74", 31 0, L_0x7f1942a76408;  1 drivers
v0x55d8934d74c0_0 .net *"_ivl_76", 0 0, L_0x55d8934ef560;  1 drivers
L_0x7f1942a76450 .functor BUFT 1, C4<11111111>, C4<0>, C4<0>, C4<0>;
v0x55d8934d7580_0 .net/2u *"_ivl_80", 7 0, L_0x7f1942a76450;  1 drivers
v0x55d8934d7660_0 .net *"_ivl_82", 0 0, L_0x55d8934ef380;  1 drivers
v0x55d8934d7720_0 .net *"_ivl_85", 22 0, L_0x55d8934ef840;  1 drivers
v0x55d8934d7800_0 .net *"_ivl_86", 31 0, L_0x55d8934ef9a0;  1 drivers
L_0x7f1942a76498 .functor BUFT 1, C4<000000000>, C4<0>, C4<0>, C4<0>;
v0x55d8934d78e0_0 .net *"_ivl_89", 8 0, L_0x7f1942a76498;  1 drivers
L_0x7f1942a76060 .functor BUFT 1, C4<000000000>, C4<0>, C4<0>, C4<0>;
v0x55d8934d79c0_0 .net *"_ivl_9", 8 0, L_0x7f1942a76060;  1 drivers
L_0x7f1942a764e0 .functor BUFT 1, C4<00000000000000000000000000000000>, C4<0>, C4<0>, C4<0>;
v0x55d8934d7aa0_0 .net/2u *"_ivl_90", 31 0, L_0x7f1942a764e0;  1 drivers
v0x55d8934d7b80_0 .net *"_ivl_92", 0 0, L_0x55d8934efbf0;  1 drivers
v0x55d8934d7c40_0 .var "bypass", 0 0;
v0x55d8934d7d00_0 .var "bypass_result", 31 0;
v0x55d8934d7de0_0 .net "clk", 0 0, v0x55d8934dd910_0;  alias, 1 drivers
v0x55d8934d7e80_0 .net "exp_A", 7 0, v0x55d8934b28d0_0;  alias, 1 drivers
v0x55d8934d7f20_0 .var "exp_A_out", 7 0;
v0x55d8934d7fe0_0 .net "exp_B", 7 0, v0x55d8934d4530_0;  alias, 1 drivers
v0x55d8934d80a0_0 .var "exp_B_out", 7 0;
v0x55d8934d8160_0 .net "exp_diff", 7 0, v0x55d8934d4930_0;  alias, 1 drivers
v0x55d8934d8220_0 .var "exp_diff_out", 7 0;
v0x55d8934d82e0_0 .net "man_A", 23 0, v0x55d8934b29d0_0;  alias, 1 drivers
v0x55d8934d83d0_0 .var "man_A_out", 23 0;
v0x55d8934d8490_0 .net "man_B", 23 0, v0x55d8934d4610_0;  alias, 1 drivers
v0x55d8934d8580_0 .var "man_B_out", 23 0;
v0x55d8934d8640_0 .net "operation", 0 0, v0x55d8934dd9b0_0;  alias, 1 drivers
v0x55d8934d8710_0 .net "rst", 0 0, o0x7f1942abf288;  alias, 0 drivers
v0x55d8934d8bf0_0 .net "sign_A", 0 0, v0x55d8934b12a0_0;  alias, 1 drivers
v0x55d8934d8cc0_0 .var "sign_A_out", 0 0;
v0x55d8934d8d60_0 .net "sign_B_eff", 0 0, v0x55d8934d47b0_0;  alias, 1 drivers
v0x55d8934d8e30_0 .var "sign_B_out", 0 0;
L_0x55d8934ddca0 .cmp/eq 8, v0x55d8934b28d0_0, L_0x7f1942a76018;
L_0x55d8934ddd40 .part v0x55d8934b29d0_0, 0, 23;
L_0x55d8934ddde0 .concat [ 23 9 0 0], L_0x55d8934ddd40, L_0x7f1942a76060;
L_0x55d8934edee0 .cmp/eq 32, L_0x55d8934ddde0, L_0x7f1942a760a8;
L_0x55d8934ee0c0 .cmp/eq 8, v0x55d8934d4530_0, L_0x7f1942a760f0;
L_0x55d8934ee1b0 .part v0x55d8934d4610_0, 0, 23;
L_0x55d8934ee290 .concat [ 23 9 0 0], L_0x55d8934ee1b0, L_0x7f1942a76138;
L_0x55d8934ee420 .cmp/eq 32, L_0x55d8934ee290, L_0x7f1942a76180;
L_0x55d8934ee650 .cmp/eq 8, v0x55d8934b28d0_0, L_0x7f1942a761c8;
L_0x55d8934ee6f0 .part v0x55d8934b29d0_0, 0, 23;
L_0x55d8934ee880 .concat [ 23 9 0 0], L_0x55d8934ee6f0, L_0x7f1942a76210;
L_0x55d8934ee9b0 .cmp/eq 32, L_0x55d8934ee880, L_0x7f1942a76258;
L_0x55d8934eebb0 .cmp/eq 8, v0x55d8934d4530_0, L_0x7f1942a762a0;
L_0x55d8934eece0 .part v0x55d8934d4610_0, 0, 23;
L_0x55d8934eee90 .concat [ 23 9 0 0], L_0x55d8934eece0, L_0x7f1942a762e8;
L_0x55d8934eef80 .cmp/eq 32, L_0x55d8934eee90, L_0x7f1942a76330;
L_0x55d8934ef1f0 .cmp/eq 8, v0x55d8934b28d0_0, L_0x7f1942a76378;
L_0x55d8934ef2e0 .part v0x55d8934b29d0_0, 0, 23;
L_0x55d8934ef420 .concat [ 23 9 0 0], L_0x55d8934ef2e0, L_0x7f1942a763c0;
L_0x55d8934ef560 .cmp/ne 32, L_0x55d8934ef420, L_0x7f1942a76408;
L_0x55d8934ef380 .cmp/eq 8, v0x55d8934d4530_0, L_0x7f1942a76450;
L_0x55d8934ef840 .part v0x55d8934d4610_0, 0, 23;
L_0x55d8934ef9a0 .concat [ 23 9 0 0], L_0x55d8934ef840, L_0x7f1942a76498;
L_0x55d8934efbf0 .cmp/ne 32, L_0x55d8934ef9a0, L_0x7f1942a764e0;
S_0x55d8934d9130 .scope module, "U2" "Stage2_Align" 3 67, 6 1 0, S_0x55d893492850;
 .timescale -9 -12;
    .port_info 0 /INPUT 1 "clk";
    .port_info 1 /INPUT 1 "rst";
    .port_info 2 /INPUT 24 "A_man";
    .port_info 3 /INPUT 24 "B_man";
    .port_info 4 /INPUT 8 "exp_diff";
    .port_info 5 /INPUT 1 "A_bigger";
    .port_info 6 /INPUT 8 "A_exp";
    .port_info 7 /INPUT 8 "B_exp";
    .port_info 8 /OUTPUT 24 "A_man_aligned";
    .port_info 9 /OUTPUT 24 "B_man_aligned";
    .port_info 10 /OUTPUT 8 "exp_out";
v0x55d8934d92f0_0 .net "A_bigger", 0 0, v0x55d8934d5280_0;  alias, 1 drivers
v0x55d8934d93c0_0 .net "A_exp", 7 0, v0x55d8934d7f20_0;  alias, 1 drivers
v0x55d8934d9490_0 .net "A_man", 23 0, v0x55d8934d83d0_0;  alias, 1 drivers
v0x55d8934d9590_0 .var "A_man_aligned", 23 0;
v0x55d8934d9630_0 .net "B_exp", 7 0, v0x55d8934d80a0_0;  alias, 1 drivers
v0x55d8934d9740_0 .net "B_man", 23 0, v0x55d8934d8580_0;  alias, 1 drivers
v0x55d8934d9810_0 .var "B_man_aligned", 23 0;
v0x55d8934d98d0_0 .net "clk", 0 0, v0x55d8934dd910_0;  alias, 1 drivers
v0x55d8934d99c0_0 .net "exp_diff", 7 0, v0x55d8934d8220_0;  alias, 1 drivers
v0x55d8934d9a80_0 .var "exp_out", 7 0;
v0x55d8934d9b40_0 .net "rst", 0 0, o0x7f1942abf288;  alias, 0 drivers
S_0x55d8934d9da0 .scope module, "U3" "Stage3_Adder" 3 85, 7 4 0, S_0x55d893492850;
 .timescale -9 -12;
    .port_info 0 /INPUT 1 "clk";
    .port_info 1 /INPUT 1 "rst";
    .port_info 2 /INPUT 24 "A_man_aligned";
    .port_info 3 /INPUT 24 "B_man_aligned";
    .port_info 4 /INPUT 1 "A_sign";
    .port_info 5 /INPUT 1 "B_sign_eff";
    .port_info 6 /OUTPUT 25 "sum_man";
    .port_info 7 /OUTPUT 1 "sum_sign";
L_0x55d8934efee0 .functor XNOR 1, v0x55d8934d8cc0_0, v0x55d8934d8e30_0, C4<0>, C4<0>;
v0x55d8934da0a0_0 .net "A_man_aligned", 23 0, v0x55d8934d9590_0;  alias, 1 drivers
v0x55d8934da180_0 .net "A_sign", 0 0, v0x55d8934d8cc0_0;  alias, 1 drivers
v0x55d8934da250_0 .net "B_man_aligned", 23 0, v0x55d8934d9810_0;  alias, 1 drivers
v0x55d8934da350_0 .net "B_sign_eff", 0 0, v0x55d8934d8e30_0;  alias, 1 drivers
v0x55d8934da420_0 .net "clk", 0 0, v0x55d8934dd910_0;  alias, 1 drivers
v0x55d8934da510_0 .net "rst", 0 0, o0x7f1942abf288;  alias, 0 drivers
v0x55d8934da5b0_0 .net "same_sign", 0 0, L_0x55d8934efee0;  1 drivers
v0x55d8934da650_0 .var "sum_man", 24 0;
v0x55d8934da6f0_0 .var "sum_sign", 0 0;
v0x55d8934da820_0 .var "temp_result", 24 0;
S_0x55d8934daa00 .scope module, "U4" "Stage4_Normalize" 3 99, 8 1 0, S_0x55d893492850;
 .timescale -9 -12;
    .port_info 0 /INPUT 1 "clk";
    .port_info 1 /INPUT 1 "rst";
    .port_info 2 /INPUT 25 "sum_man";
    .port_info 3 /INPUT 8 "exp_in";
    .port_info 4 /INPUT 1 "sum_sign";
    .port_info 5 /OUTPUT 32 "result";
v0x55d8934db120_0 .net "clk", 0 0, v0x55d8934dd910_0;  alias, 1 drivers
v0x55d8934db270_0 .var "exp_adj", 7 0;
v0x55d8934db350_0 .net "exp_in", 7 0, v0x55d8934d9a80_0;  alias, 1 drivers
v0x55d8934db420_0 .var "norm_man", 23 0;
v0x55d8934db4e0_0 .var "result", 31 0;
v0x55d8934db5c0_0 .net "rst", 0 0, o0x7f1942abf288;  alias, 0 drivers
v0x55d8934db6f0_0 .var "shift", 4 0;
v0x55d8934db7d0_0 .net "sum_man", 24 0, v0x55d8934da650_0;  alias, 1 drivers
v0x55d8934db890_0 .net "sum_sign", 0 0, v0x55d8934da6f0_0;  alias, 1 drivers
S_0x55d8934dac80 .scope function.vec4.u32, "leading_zeros" "leading_zeros" 8 24, 8 24 0, S_0x55d8934daa00;
 .timescale -9 -12;
v0x55d8934dae80_0 .var/i "i", 31 0;
; Variable leading_zeros is vec4 return value of scope S_0x55d8934dac80
v0x55d8934db060_0 .var "val", 23 0;
TD_tb_PipelinedFAdd.dut.U4.leading_zeros ;
    %pushi/vec4 0, 0, 32;
    %ret/vec4 0, 0, 32;  Assign to leading_zeros (store_vec4_to_lval)
    %pushi/vec4 23, 0, 32;
    %store/vec4 v0x55d8934dae80_0, 0, 32;
T_0.0 ;
    %load/vec4 v0x55d8934dae80_0;
    %cmpi/s 0, 0, 32;
    %flag_inv 5; GE is !LT
    %jmp/0xz T_0.1, 5;
    %load/vec4 v0x55d8934db060_0;
    %load/vec4 v0x55d8934dae80_0;
    %part/s 1;
    %cmpi/e 1, 0, 1;
    %jmp/0xz  T_0.2, 4;
    %pushi/vec4 23, 0, 32;
    %load/vec4 v0x55d8934dae80_0;
    %sub;
    %ret/vec4 0, 0, 32;  Assign to leading_zeros (store_vec4_to_lval)
    %pushi/vec4 4294967295, 0, 32;
    %store/vec4 v0x55d8934dae80_0, 0, 32;
T_0.2 ;
    %load/vec4 v0x55d8934dae80_0;
    %subi 1, 0, 32;
    %store/vec4 v0x55d8934dae80_0, 0, 32;
    %jmp T_0.0;
T_0.1 ;
    %end;
    .scope S_0x55d8934929e0;
T_1 ;
    %wait E_0x55d893476c10;
    %load/vec4 v0x55d8934d4ad0_0;
    %flag_set/vec4 8;
    %jmp/0xz  T_1.0, 8;
    %pushi/vec4 0, 0, 75;
    %split/vec4 1;
    %assign/vec4 v0x55d8934b44c0_0, 0;
    %split/vec4 8;
    %assign/vec4 v0x55d8934d4930_0, 0;
    %split/vec4 24;
    %assign/vec4 v0x55d8934d4610_0, 0;
    %split/vec4 24;
    %assign/vec4 v0x55d8934b29d0_0, 0;
    %split/vec4 8;
    %assign/vec4 v0x55d8934d4530_0, 0;
    %split/vec4 8;
    %assign/vec4 v0x55d8934b28d0_0, 0;
    %split/vec4 1;
    %assign/vec4 v0x55d8934d47b0_0, 0;
    %assign/vec4 v0x55d8934b12a0_0, 0;
    %jmp T_1.1;
T_1.0 ;
    %load/vec4 v0x55d8934b43c0_0;
    %parti/s 1, 31, 6;
    %assign/vec4 v0x55d8934b12a0_0, 0;
    %load/vec4 v0x55d8934b1340_0;
    %parti/s 1, 31, 6;
    %assign/vec4 v0x55d8934d46f0_0, 0;
    %load/vec4 v0x55d8934d46f0_0;
    %load/vec4 v0x55d8934d4a10_0;
    %xor;
    %assign/vec4 v0x55d8934d47b0_0, 0;
    %load/vec4 v0x55d8934b43c0_0;
    %parti/s 8, 23, 6;
    %assign/vec4 v0x55d8934b28d0_0, 0;
    %load/vec4 v0x55d8934b1340_0;
    %parti/s 8, 23, 6;
    %assign/vec4 v0x55d8934d4530_0, 0;
    %load/vec4 v0x55d8934b43c0_0;
    %parti/s 8, 23, 6;
    %pad/u 32;
    %cmpi/e 0, 0, 32;
    %flag_mov 8, 4;
    %jmp/0 T_1.2, 8;
    %pushi/vec4 0, 0, 1;
    %load/vec4 v0x55d8934b43c0_0;
    %parti/s 23, 0, 2;
    %concat/vec4; draw_concat_vec4
    %jmp/1 T_1.3, 8;
T_1.2 ; End of true expr.
    %pushi/vec4 1, 0, 1;
    %load/vec4 v0x55d8934b43c0_0;
    %parti/s 23, 0, 2;
    %concat/vec4; draw_concat_vec4
    %jmp/0 T_1.3, 8;
 ; End of false expr.
    %blend;
T_1.3;
    %assign/vec4 v0x55d8934b29d0_0, 0;
    %load/vec4 v0x55d8934b1340_0;
    %parti/s 8, 23, 6;
    %pad/u 32;
    %cmpi/e 0, 0, 32;
    %flag_mov 8, 4;
    %jmp/0 T_1.4, 8;
    %pushi/vec4 0, 0, 1;
    %load/vec4 v0x55d8934b1340_0;
    %parti/s 23, 0, 2;
    %concat/vec4; draw_concat_vec4
    %jmp/1 T_1.5, 8;
T_1.4 ; End of true expr.
    %pushi/vec4 1, 0, 1;
    %load/vec4 v0x55d8934b1340_0;
    %parti/s 23, 0, 2;
    %concat/vec4; draw_concat_vec4
    %jmp/0 T_1.5, 8;
 ; End of false expr.
    %blend;
T_1.5;
    %assign/vec4 v0x55d8934d4610_0, 0;
    %load/vec4 v0x55d8934b1340_0;
    %parti/s 8, 23, 6;
    %load/vec4 v0x55d8934b43c0_0;
    %parti/s 8, 23, 6;
    %cmp/u;
    %flag_or 5, 4;
    %jmp/0xz  T_1.6, 5;
    %load/vec4 v0x55d8934b43c0_0;
    %parti/s 8, 23, 6;
    %load/vec4 v0x55d8934b1340_0;
    %parti/s 8, 23, 6;
    %sub;
    %assign/vec4 v0x55d8934d4930_0, 0;
    %pushi/vec4 1, 0, 1;
    %assign/vec4 v0x55d8934b44c0_0, 0;
    %jmp T_1.7;
T_1.6 ;
    %load/vec4 v0x55d8934b1340_0;
    %parti/s 8, 23, 6;
    %load/vec4 v0x55d8934b43c0_0;
    %parti/s 8, 23, 6;
    %sub;
    %assign/vec4 v0x55d8934d4930_0, 0;
    %pushi/vec4 0, 0, 1;
    %assign/vec4 v0x55d8934b44c0_0, 0;
T_1.7 ;
T_1.1 ;
    %jmp T_1;
    .thread T_1;
    .scope S_0x55d8934d4d50;
T_2 ;
    %wait E_0x55d893476c10;
    %load/vec4 v0x55d8934d8710_0;
    %flag_set/vec4 8;
    %jmp/0xz  T_2.0, 8;
    %pushi/vec4 0, 0, 1;
    %assign/vec4 v0x55d8934d7c40_0, 0;
    %pushi/vec4 0, 0, 32;
    %assign/vec4 v0x55d8934d7d00_0, 0;
    %pushi/vec4 0, 0, 75;
    %split/vec4 1;
    %assign/vec4 v0x55d8934d5280_0, 0;
    %split/vec4 8;
    %assign/vec4 v0x55d8934d8220_0, 0;
    %split/vec4 24;
    %assign/vec4 v0x55d8934d8580_0, 0;
    %split/vec4 24;
    %assign/vec4 v0x55d8934d83d0_0, 0;
    %split/vec4 8;
    %assign/vec4 v0x55d8934d80a0_0, 0;
    %split/vec4 8;
    %assign/vec4 v0x55d8934d7f20_0, 0;
    %split/vec4 1;
    %assign/vec4 v0x55d8934d8e30_0, 0;
    %assign/vec4 v0x55d8934d8cc0_0, 0;
    %jmp T_2.1;
T_2.0 ;
    %pushi/vec4 0, 0, 1;
    %assign/vec4 v0x55d8934d7c40_0, 0;
    %load/vec4 v0x55d8934d8bf0_0;
    %assign/vec4 v0x55d8934d8cc0_0, 0;
    %load/vec4 v0x55d8934d8d60_0;
    %assign/vec4 v0x55d8934d8e30_0, 0;
    %load/vec4 v0x55d8934d7e80_0;
    %assign/vec4 v0x55d8934d7f20_0, 0;
    %load/vec4 v0x55d8934d7fe0_0;
    %assign/vec4 v0x55d8934d80a0_0, 0;
    %load/vec4 v0x55d8934d82e0_0;
    %assign/vec4 v0x55d8934d83d0_0, 0;
    %load/vec4 v0x55d8934d8490_0;
    %assign/vec4 v0x55d8934d8580_0, 0;
    %load/vec4 v0x55d8934d8160_0;
    %assign/vec4 v0x55d8934d8220_0, 0;
    %load/vec4 v0x55d8934d51c0_0;
    %assign/vec4 v0x55d8934d5280_0, 0;
    %load/vec4 v0x55d8934d5320_0;
    %flag_set/vec4 8;
    %load/vec4 v0x55d8934d5570_0;
    %flag_set/vec4 9;
    %flag_or 9, 8;
    %jmp/0xz  T_2.2, 9;
    %pushi/vec4 1, 0, 1;
    %assign/vec4 v0x55d8934d7c40_0, 0;
    %load/vec4 v0x55d8934d5320_0;
    %flag_set/vec4 8;
    %jmp/0 T_2.4, 8;
    %load/vec4 v0x55d8934d8bf0_0;
    %concati/vec4 255, 0, 8;
    %load/vec4 v0x55d8934d82e0_0;
    %parti/s 23, 0, 2;
    %concat/vec4; draw_concat_vec4
    %jmp/1 T_2.5, 8;
T_2.4 ; End of true expr.
    %load/vec4 v0x55d8934d8d60_0;
    %concati/vec4 255, 0, 8;
    %load/vec4 v0x55d8934d8490_0;
    %parti/s 23, 0, 2;
    %concat/vec4; draw_concat_vec4
    %jmp/0 T_2.5, 8;
 ; End of false expr.
    %blend;
T_2.5;
    %assign/vec4 v0x55d8934d7d00_0, 0;
    %jmp T_2.3;
T_2.2 ;
    %load/vec4 v0x55d8934d5100_0;
    %flag_set/vec4 8;
    %load/vec4 v0x55d8934d54b0_0;
    %flag_set/vec4 9;
    %flag_or 9, 8;
    %jmp/0xz  T_2.6, 9;
    %pushi/vec4 1, 0, 1;
    %assign/vec4 v0x55d8934d7c40_0, 0;
    %load/vec4 v0x55d8934d5100_0;
    %load/vec4 v0x55d8934d54b0_0;
    %and;
    %flag_set/vec4 8;
    %jmp/0xz  T_2.8, 8;
    %load/vec4 v0x55d8934d8640_0;
    %load/vec4 v0x55d8934d8bf0_0;
    %load/vec4 v0x55d8934d8d60_0;
    %xor;
    %and;
    %flag_set/vec4 8;
    %jmp/0xz  T_2.10, 8;
    %pushi/vec4 2143289344, 0, 32;
    %assign/vec4 v0x55d8934d7d00_0, 0;
    %jmp T_2.11;
T_2.10 ;
    %load/vec4 v0x55d8934d8bf0_0;
    %concati/vec4 255, 0, 8;
    %concati/vec4 0, 0, 23;
    %assign/vec4 v0x55d8934d7d00_0, 0;
T_2.11 ;
    %jmp T_2.9;
T_2.8 ;
    %load/vec4 v0x55d8934d5100_0;
    %flag_set/vec4 8;
    %jmp/0xz  T_2.12, 8;
    %load/vec4 v0x55d8934d8bf0_0;
    %concati/vec4 255, 0, 8;
    %concati/vec4 0, 0, 23;
    %assign/vec4 v0x55d8934d7d00_0, 0;
    %jmp T_2.13;
T_2.12 ;
    %load/vec4 v0x55d8934d8d60_0;
    %concati/vec4 255, 0, 8;
    %concati/vec4 0, 0, 23;
    %assign/vec4 v0x55d8934d7d00_0, 0;
T_2.13 ;
T_2.9 ;
    %jmp T_2.7;
T_2.6 ;
    %load/vec4 v0x55d8934d53c0_0;
    %flag_set/vec4 8;
    %load/vec4 v0x55d8934d5630_0;
    %flag_set/vec4 9;
    %flag_or 9, 8;
    %jmp/0xz  T_2.14, 9;
    %pushi/vec4 1, 0, 1;
    %assign/vec4 v0x55d8934d7c40_0, 0;
    %load/vec4 v0x55d8934d53c0_0;
    %load/vec4 v0x55d8934d5630_0;
    %and;
    %flag_set/vec4 8;
    %jmp/0xz  T_2.16, 8;
    %load/vec4 v0x55d8934d8640_0;
    %flag_set/vec4 8;
    %jmp/0 T_2.18, 8;
    %load/vec4 v0x55d8934d8bf0_0;
    %pushi/vec4 1, 0, 1;
    %xor;
    %jmp/1 T_2.19, 8;
T_2.18 ; End of true expr.
    %load/vec4 v0x55d8934d8bf0_0;
    %jmp/0 T_2.19, 8;
 ; End of false expr.
    %blend;
T_2.19;
    %concati/vec4 0, 0, 8;
    %concati/vec4 0, 0, 23;
    %assign/vec4 v0x55d8934d7d00_0, 0;
    %jmp T_2.17;
T_2.16 ;
    %load/vec4 v0x55d8934d53c0_0;
    %flag_set/vec4 8;
    %jmp/0xz  T_2.20, 8;
    %load/vec4 v0x55d8934d8d60_0;
    %load/vec4 v0x55d8934d7fe0_0;
    %concat/vec4; draw_concat_vec4
    %load/vec4 v0x55d8934d8490_0;
    %parti/s 23, 0, 2;
    %concat/vec4; draw_concat_vec4
    %assign/vec4 v0x55d8934d7d00_0, 0;
    %jmp T_2.21;
T_2.20 ;
    %load/vec4 v0x55d8934d8bf0_0;
    %load/vec4 v0x55d8934d7e80_0;
    %concat/vec4; draw_concat_vec4
    %load/vec4 v0x55d8934d82e0_0;
    %parti/s 23, 0, 2;
    %concat/vec4; draw_concat_vec4
    %assign/vec4 v0x55d8934d7d00_0, 0;
T_2.21 ;
T_2.17 ;
T_2.14 ;
T_2.7 ;
T_2.3 ;
T_2.1 ;
    %jmp T_2;
    .thread T_2;
    .scope S_0x55d8934d9130;
T_3 ;
    %wait E_0x55d893476c10;
    %load/vec4 v0x55d8934d9b40_0;
    %flag_set/vec4 8;
    %jmp/0xz  T_3.0, 8;
    %pushi/vec4 0, 0, 56;
    %split/vec4 8;
    %assign/vec4 v0x55d8934d9a80_0, 0;
    %split/vec4 24;
    %assign/vec4 v0x55d8934d9810_0, 0;
    %assign/vec4 v0x55d8934d9590_0, 0;
    %jmp T_3.1;
T_3.0 ;
    %load/vec4 v0x55d8934d92f0_0;
    %flag_set/vec4 8;
    %jmp/0xz  T_3.2, 8;
    %load/vec4 v0x55d8934d9490_0;
    %assign/vec4 v0x55d8934d9590_0, 0;
    %load/vec4 v0x55d8934d9740_0;
    %ix/getv 4, v0x55d8934d99c0_0;
    %shiftr 4;
    %assign/vec4 v0x55d8934d9810_0, 0;
    %load/vec4 v0x55d8934d93c0_0;
    %assign/vec4 v0x55d8934d9a80_0, 0;
    %jmp T_3.3;
T_3.2 ;
    %load/vec4 v0x55d8934d9490_0;
    %ix/getv 4, v0x55d8934d99c0_0;
    %shiftr 4;
    %assign/vec4 v0x55d8934d9590_0, 0;
    %load/vec4 v0x55d8934d9740_0;
    %assign/vec4 v0x55d8934d9810_0, 0;
    %load/vec4 v0x55d8934d9630_0;
    %assign/vec4 v0x55d8934d9a80_0, 0;
T_3.3 ;
T_3.1 ;
    %jmp T_3;
    .thread T_3;
    .scope S_0x55d8934d9da0;
T_4 ;
    %wait E_0x55d893476c10;
    %load/vec4 v0x55d8934da510_0;
    %flag_set/vec4 8;
    %jmp/0xz  T_4.0, 8;
    %pushi/vec4 0, 0, 25;
    %assign/vec4 v0x55d8934da650_0, 0;
    %pushi/vec4 0, 0, 1;
    %assign/vec4 v0x55d8934da6f0_0, 0;
    %jmp T_4.1;
T_4.0 ;
    %load/vec4 v0x55d8934da5b0_0;
    %flag_set/vec4 8;
    %jmp/0xz  T_4.2, 8;
    %load/vec4 v0x55d8934da0a0_0;
    %pad/u 25;
    %load/vec4 v0x55d8934da250_0;
    %pad/u 25;
    %add;
    %assign/vec4 v0x55d8934da820_0, 0;
    %load/vec4 v0x55d8934da180_0;
    %assign/vec4 v0x55d8934da6f0_0, 0;
    %jmp T_4.3;
T_4.2 ;
    %load/vec4 v0x55d8934da250_0;
    %load/vec4 v0x55d8934da0a0_0;
    %cmp/u;
    %flag_or 5, 4;
    %jmp/0xz  T_4.4, 5;
    %load/vec4 v0x55d8934da0a0_0;
    %pad/u 25;
    %load/vec4 v0x55d8934da250_0;
    %pad/u 25;
    %sub;
    %assign/vec4 v0x55d8934da820_0, 0;
    %load/vec4 v0x55d8934da180_0;
    %assign/vec4 v0x55d8934da6f0_0, 0;
    %jmp T_4.5;
T_4.4 ;
    %load/vec4 v0x55d8934da250_0;
    %pad/u 25;
    %load/vec4 v0x55d8934da0a0_0;
    %pad/u 25;
    %sub;
    %assign/vec4 v0x55d8934da820_0, 0;
    %load/vec4 v0x55d8934da350_0;
    %assign/vec4 v0x55d8934da6f0_0, 0;
T_4.5 ;
T_4.3 ;
    %load/vec4 v0x55d8934da820_0;
    %assign/vec4 v0x55d8934da650_0, 0;
T_4.1 ;
    %jmp T_4;
    .thread T_4;
    .scope S_0x55d8934daa00;
T_5 ;
    %wait E_0x55d893476c10;
    %load/vec4 v0x55d8934db5c0_0;
    %flag_set/vec4 8;
    %jmp/0xz  T_5.0, 8;
    %pushi/vec4 0, 0, 32;
    %assign/vec4 v0x55d8934db4e0_0, 0;
    %jmp T_5.1;
T_5.0 ;
    %load/vec4 v0x55d8934db7d0_0;
    %parti/s 1, 24, 6;
    %flag_set/vec4 8;
    %jmp/0xz  T_5.2, 8;
    %load/vec4 v0x55d8934db350_0;
    %addi 1, 0, 8;
    %store/vec4 v0x55d8934db270_0, 0, 8;
    %load/vec4 v0x55d8934db7d0_0;
    %parti/s 24, 1, 2;
    %store/vec4 v0x55d8934db420_0, 0, 24;
    %jmp T_5.3;
T_5.2 ;
    %load/vec4 v0x55d8934db7d0_0;
    %parti/s 24, 0, 2;
    %store/vec4 v0x55d8934db060_0, 0, 24;
    %callf/vec4 TD_tb_PipelinedFAdd.dut.U4.leading_zeros, S_0x55d8934dac80;
    %pad/s 5;
    %store/vec4 v0x55d8934db6f0_0, 0, 5;
    %load/vec4 v0x55d8934db350_0;
    %load/vec4 v0x55d8934db6f0_0;
    %pad/u 8;
    %sub;
    %store/vec4 v0x55d8934db270_0, 0, 8;
    %load/vec4 v0x55d8934db7d0_0;
    %parti/s 24, 0, 2;
    %ix/getv 4, v0x55d8934db6f0_0;
    %shiftl 4;
    %store/vec4 v0x55d8934db420_0, 0, 24;
T_5.3 ;
    %load/vec4 v0x55d8934db890_0;
    %load/vec4 v0x55d8934db270_0;
    %concat/vec4; draw_concat_vec4
    %load/vec4 v0x55d8934db420_0;
    %parti/s 23, 0, 2;
    %concat/vec4; draw_concat_vec4
    %assign/vec4 v0x55d8934db4e0_0, 0;
T_5.1 ;
    %jmp T_5;
    .thread T_5;
    .scope S_0x55d8934926c0;
T_6 ;
    %pushi/vec4 0, 0, 1;
    %store/vec4 v0x55d8934dd910_0, 0, 1;
    %pushi/vec4 1, 0, 1;
    %store/vec4 v0x55d8934dda50_0, 0, 1;
    %end;
    .thread T_6;
    .scope S_0x55d8934926c0;
T_7 ;
    %delay 5000, 0;
    %load/vec4 v0x55d8934dd910_0;
    %inv;
    %store/vec4 v0x55d8934dd910_0, 0, 1;
    %jmp T_7;
    .thread T_7;
    .scope S_0x55d8934926c0;
T_8 ;
    %vpi_call 2 26 "$monitor", "Time: %0t | A: %h | B: %h | Op: %b | Result: %h", $time, v0x55d8934dd6d0_0, v0x55d8934dd800_0, v0x55d8934dd9b0_0, v0x55d8934ddb40_0 {0 0 0};
    %vpi_call 2 27 "$dumpfile", "build/waveform.vcd" {0 0 0};
    %vpi_call 2 28 "$dumpvars", 32'sb00000000000000000000000000000000, S_0x55d8934926c0 {0 0 0};
    %delay 10000, 0;
    %pushi/vec4 0, 0, 1;
    %store/vec4 v0x55d8934dda50_0, 0, 1;
    %pushi/vec4 2139095040, 0, 32;
    %store/vec4 v0x55d8934dd6d0_0, 0, 32;
    %pushi/vec4 4286578688, 0, 32;
    %store/vec4 v0x55d8934dd800_0, 0, 32;
    %pushi/vec4 0, 0, 1;
    %store/vec4 v0x55d8934dd9b0_0, 0, 1;
    %delay 50000, 0;
    %vpi_call 2 60 "$finish" {0 0 0};
    %end;
    .thread T_8;
# The file index is used to find the file name in the following table.
:file_names 9;
    "N/A";
    "<interactive>";
    "./folder/tb_PipelinedFAdd.v";
    "./folder/PipelinedFAdd.v";
    "./folder/FloatingCompare.v";
    "./folder/FloatingDetection.v";
    "./folder/FloatingAllign.v";
    "./folder/FloatingAdder.v";
    "./folder/FloatingNormalizer.v";
